# mod key
set $mod Mod4

# terminal
set $term alacritty

# font
font pango:DejaVu Sans Mono 8

for_window [title="Firefox - Sharing Indicator"] floating enable
for_window [title="Picture-in-Picture"] floating enable
for_window [title="Extension: (Tree Style Tab) - Close tabs? - Mozilla Firefox"] floating enable

floating_modifier $mod

exec xrdb ~/.Xresources

exec feh --bg-fill ~/background
exec mpd

# Fix audio issues, problably want to delete this ;)
exec amixer -D hw:0 sset Master unmute 

# && amixer -D hw:0 sset Master playback 100%
# class                 border  bground text    indicator child_border
client.focused          #6272A4 #6272A4 #F8F8F2 #6272A4   #6272A4
client.focused_inactive #44475A #44475A #F8F8F2 #44475A   #44475A
client.unfocused        #282A36 #282A36 #BFBFBF #282A36   #282A36
client.urgent           #44475A #FF5555 #F8F8F2 #FF5555   #FF5555
client.placeholder      #282A36 #282A36 #F8F8F2 #282A36   #282A36

client.background       #F8F8F2

exec picom -i 0.8 --vsync --corner-radius 16

exec polybar -r -c ~/config/theme/polybar 1
exec polybar -r -c ~/config/theme/polybar 2

bindsym $mod+control+space exec rofi -show run
bindsym $mod+control+shift+space exec "prime-run rofi -show run"

for_window [class=".*"] border pixel 0

gaps inner 15
bindsym $mod+Shift+c reload
bindsym $mod+Return exec $term
bindsym $mod+Shift+q kill
bindsym $mod+Shift+r restart

bindsym XF86AudioPlay exec mpc toggle -p 16850
bindsym XF86AudioNext exec mpc next -p 16850
bindsym XF86AudioPrev exec mpc prev -p 16850
bindsym $mod+XF86AudioNext exec mpc volume -p 16850 +5
bindsym $mod+XF86AudioPrev exec mpc volume -p 16850 -5

#bindsym XF86AudioRaiseVolume exec --no-startup-id pactl set-sink-volume @DEFAULT_SINK@ +10%
#bindsym XF86AudioLowerVolume exec --no-startup-id pactl set-sink-volume @DEFAULT_SINK@ -10%
#bindsym XF86AudioMute exec --no-startup-id pactl set-sink-mute @DEFAULT_SINK@ toggle
#bindsym XF86AudioMicMute exec --no-startup-id pactl set-source-mute @DEFAULT_SOURCE@ toggle


# Trying this to prevent destroying my ears
bindsym XF86AudioRaiseVolume exec --no-startup-id amixer -D hw:0 sset Master playback 10%+
bindsym XF86AudioLowerVolume exec --no-startup-id amixer -D hw:0 sset Master playback 10%-
bindsym XF86AudioMute exec --no-startup-id amixer -D hw:0 sset Master playback toggle

bindsym XF86MonBrightnessUp exec brightnessctl s +10%
bindsym XF86MonBrightnessDown exec brightnessctl s 10%-
# Scratchpad
bindsym $mod+Shift+minus move scratchpad
bindsym $mod+minus scratchpad show

# Container layout
bindsym $mod+s layout stacking
bindsym $mod+w layout tabbed
bindsym $mod+e layout toggle split

# Floating
bindsym $mod+space focus mode_toggle
bindsym $mod+shift+space floating toggle
bindsym $mod+f fullscreen

# Sticky
bindsym $mod+Shift+s sticky toggle

# Split keys
bindsym $mod+b splith
bindsym $mod+v splitv

# Move your focus around
bindsym $mod+Left focus left
bindsym $mod+Down focus down
bindsym $mod+Up focus up
bindsym $mod+Right focus right

# Move the focused window with the same, but add Shift
bindsym $mod+Shift+Left move left
bindsym $mod+Shift+Down move down
bindsym $mod+Shift+Up move up
bindsym $mod+Shift+Right move right

# Switch to workspace
bindsym $mod+1 workspace 1
bindsym $mod+2 workspace 2
bindsym $mod+3 workspace 3
bindsym $mod+4 workspace 4
bindsym $mod+5 workspace 5
bindsym $mod+6 workspace 6
bindsym $mod+7 workspace 7
bindsym $mod+8 workspace 8
bindsym $mod+9 workspace 9
bindsym $mod+0 workspace 10
bindsym $mod+F1 workspace 11
bindsym $mod+F2 workspace 12
bindsym $mod+F3 workspace 13
bindsym $mod+F4 workspace 14
bindsym $mod+F5 workspace 15
bindsym $mod+F6 workspace 16
bindsym $mod+F7 workspace 17
bindsym $mod+F8 workspace 18
bindsym $mod+F9 workspace 19
bindsym $mod+F10 workspace 20
bindsym $mod+F11 workspace 21
bindsym $mod+F12 workspace 22

# Move focused container to workspace
bindsym $mod+Shift+1 move container to workspace 1
bindsym $mod+Shift+2 move container to workspace 2
bindsym $mod+Shift+3 move container to workspace 3
bindsym $mod+Shift+4 move container to workspace 4
bindsym $mod+Shift+5 move container to workspace 5
bindsym $mod+Shift+6 move container to workspace 6
bindsym $mod+Shift+7 move container to workspace 7
bindsym $mod+Shift+8 move container to workspace 8
bindsym $mod+Shift+9 move container to workspace 9
bindsym $mod+Shift+0 move container to workspace 10
bindsym $mod+Shift+F1 move container to workspace 11
bindsym $mod+Shift+F2 move container to workspace 12
bindsym $mod+Shift+F3 move container to workspace 13
bindsym $mod+Shift+F4 move container to workspace 14
bindsym $mod+Shift+F5 move container to workspace 15
bindsym $mod+Shift+F6 move container to workspace 16
bindsym $mod+Shift+F7 move container to workspace 17
bindsym $mod+Shift+F8 move container to workspace 18
bindsym $mod+Shift+F9 move container to workspace 19
bindsym $mod+Shift+F10 move container to workspace 20
bindsym $mod+Shift+F11 move container to workspace 21
bindsym $mod+Shift+F12 move container to workspace 22

mode "resize" {
    # left will shrink the containers width
    # right will grow the containers width
    # up will shrink the containers height
    # down will grow the containers height

    bindsym Left        resize shrink width 10px
    bindsym Down        resize grow height 10px
    bindsym Up resize   shrink height 10px
    bindsym Right       resize grow width 10px

    bindsym Left+Shift  resize shrink width 100px
    bindsym Down+Shift  resize grow height 100px
    bindsym Up+Shift    resize shrink height 100px
    bindsym Right+Shift resize grow width 100px

    # Return to default mode
    bindsym Return mode "default"
    bindsym Escape mode "default"
}
bindsym $mod+r mode "resize"
# CTRL = Copy
# ALT = Freeselect
# SHIFT = Locked to windows

bindsym Print exec sh ~/config/scripts/screenshot.sh fullscreen save
bindsym Print+Control exec sh ~/config/scripts/screenshot.sh fullscreen copy

bindsym Print+Mod1 exec sh ~/config/scripts/screenshot.sh area save
bindsym Print+Control+Mod1 exec sh ~/config/scripts/screenshot.sh area copy

bindsym Print+Mod4 exec sh ~/config/scripts/screenshot.sh window save
bindsym Print+Control+Mod4 exec sh ~/config/scripts/screenshot.sh window copy
